mode: set
social-media-app/feature/post/service/service.go:19.84,24.2 1 1
social-media-app/feature/post/service/service.go:26.109,28.16 2 1
social-media-app/feature/post/service/service.go:32.2,32.23 1 1
social-media-app/feature/post/service/service.go:43.2,43.52 1 0
social-media-app/feature/post/service/service.go:49.2,49.62 1 0
social-media-app/feature/post/service/service.go:54.2,54.12 1 0
social-media-app/feature/post/service/service.go:28.16,30.3 1 1
social-media-app/feature/post/service/service.go:32.23,35.17 3 1
social-media-app/feature/post/service/service.go:39.3,40.40 2 0
social-media-app/feature/post/service/service.go:35.17,38.4 2 1
social-media-app/feature/post/service/service.go:43.52,47.3 3 0
social-media-app/feature/post/service/service.go:49.62,52.3 2 0
social-media-app/feature/post/service/service.go:57.71,59.16 2 1
social-media-app/feature/post/service/service.go:63.2,64.16 2 1
social-media-app/feature/post/service/service.go:75.2,75.18 1 1
social-media-app/feature/post/service/service.go:79.2,79.17 1 1
social-media-app/feature/post/service/service.go:59.16,61.3 1 1
social-media-app/feature/post/service/service.go:64.16,67.49 3 1
social-media-app/feature/post/service/service.go:72.3,72.30 1 1
social-media-app/feature/post/service/service.go:67.49,69.4 1 1
social-media-app/feature/post/service/service.go:69.9,71.4 1 1
social-media-app/feature/post/service/service.go:75.18,77.3 1 1
social-media-app/feature/post/service/service.go:82.125,84.16 2 0
social-media-app/feature/post/service/service.go:88.2,88.23 1 0
social-media-app/feature/post/service/service.go:116.2,116.73 1 0
social-media-app/feature/post/service/service.go:127.2,127.12 1 0
social-media-app/feature/post/service/service.go:84.16,86.3 1 0
social-media-app/feature/post/service/service.go:88.23,91.17 3 0
social-media-app/feature/post/service/service.go:95.3,98.56 3 0
social-media-app/feature/post/service/service.go:104.3,105.17 2 0
social-media-app/feature/post/service/service.go:110.3,110.58 1 0
social-media-app/feature/post/service/service.go:91.17,94.4 2 0
social-media-app/feature/post/service/service.go:98.56,102.4 3 0
social-media-app/feature/post/service/service.go:105.17,108.4 2 0
social-media-app/feature/post/service/service.go:110.58,113.4 2 0
social-media-app/feature/post/service/service.go:116.73,119.49 3 0
social-media-app/feature/post/service/service.go:124.3,124.25 1 0
social-media-app/feature/post/service/service.go:119.49,121.4 1 0
social-media-app/feature/post/service/service.go:121.9,123.4 1 0
social-media-app/feature/post/service/service.go:130.69,132.16 2 1
social-media-app/feature/post/service/service.go:136.2,137.16 2 1
social-media-app/feature/post/service/service.go:148.2,148.61 1 1
social-media-app/feature/post/service/service.go:159.2,159.57 1 1
social-media-app/feature/post/service/service.go:164.2,164.12 1 1
social-media-app/feature/post/service/service.go:132.16,134.3 1 1
social-media-app/feature/post/service/service.go:137.16,140.49 3 1
social-media-app/feature/post/service/service.go:145.3,145.25 1 1
social-media-app/feature/post/service/service.go:140.49,142.4 1 1
social-media-app/feature/post/service/service.go:142.9,144.4 1 1
social-media-app/feature/post/service/service.go:148.61,151.49 3 1
social-media-app/feature/post/service/service.go:156.3,156.25 1 1
social-media-app/feature/post/service/service.go:151.49,153.4 1 1
social-media-app/feature/post/service/service.go:153.9,155.4 1 1
social-media-app/feature/post/service/service.go:159.57,162.3 2 0
social-media-app/feature/post/service/service.go:167.70,169.16 2 1
social-media-app/feature/post/service/service.go:180.2,180.17 1 1
social-media-app/feature/post/service/service.go:169.16,172.49 3 1
social-media-app/feature/post/service/service.go:177.3,177.30 1 1
social-media-app/feature/post/service/service.go:172.49,174.4 1 1
social-media-app/feature/post/service/service.go:174.9,176.4 1 1
social-media-app/feature/post/service/service.go:183.64,185.16 2 1
social-media-app/feature/post/service/service.go:196.2,196.17 1 1
social-media-app/feature/post/service/service.go:185.16,188.49 3 1
social-media-app/feature/post/service/service.go:193.3,193.38 1 1
social-media-app/feature/post/service/service.go:188.49,190.4 1 1
social-media-app/feature/post/service/service.go:190.9,192.4 1 1
social-media-app/feature/post/service/service.go:199.54,201.16 2 1
social-media-app/feature/post/service/service.go:206.2,206.17 1 1
social-media-app/feature/post/service/service.go:201.16,204.3 2 1
