mode: set
social-media-app/feature/comment/service/service.go:18.99,23.2 1 1
social-media-app/feature/comment/service/service.go:25.88,27.16 2 1
social-media-app/feature/comment/service/service.go:31.2,31.78 1 1
social-media-app/feature/comment/service/service.go:36.2,36.70 1 1
social-media-app/feature/comment/service/service.go:47.2,47.12 1 1
social-media-app/feature/comment/service/service.go:27.16,29.3 1 1
social-media-app/feature/comment/service/service.go:31.78,34.3 2 1
social-media-app/feature/comment/service/service.go:36.70,39.49 3 1
social-media-app/feature/comment/service/service.go:44.3,44.25 1 1
social-media-app/feature/comment/service/service.go:39.49,41.4 1 1
social-media-app/feature/comment/service/service.go:41.9,43.4 1 1
social-media-app/feature/comment/service/service.go:50.71,51.16 1 1
social-media-app/feature/comment/service/service.go:55.2,56.16 2 1
social-media-app/feature/comment/service/service.go:66.2,66.17 1 1
social-media-app/feature/comment/service/service.go:51.16,53.3 1 1
social-media-app/feature/comment/service/service.go:56.16,58.49 2 1
social-media-app/feature/comment/service/service.go:63.3,63.30 1 1
social-media-app/feature/comment/service/service.go:58.49,60.4 1 1
social-media-app/feature/comment/service/service.go:60.9,62.4 1 1
social-media-app/feature/post/service/service.go:19.84,24.2 1 1
social-media-app/feature/post/service/service.go:26.109,28.16 2 1
social-media-app/feature/post/service/service.go:32.2,32.23 1 1
social-media-app/feature/post/service/service.go:43.2,43.52 1 0
social-media-app/feature/post/service/service.go:49.2,49.62 1 0
social-media-app/feature/post/service/service.go:54.2,54.12 1 0
social-media-app/feature/post/service/service.go:28.16,30.3 1 1
social-media-app/feature/post/service/service.go:32.23,35.17 3 1
social-media-app/feature/post/service/service.go:39.3,40.40 2 0
social-media-app/feature/post/service/service.go:35.17,38.4 2 1
social-media-app/feature/post/service/service.go:43.52,47.3 3 0
social-media-app/feature/post/service/service.go:49.62,52.3 2 0
social-media-app/feature/post/service/service.go:57.71,59.16 2 1
social-media-app/feature/post/service/service.go:63.2,64.16 2 1
social-media-app/feature/post/service/service.go:75.2,75.18 1 1
social-media-app/feature/post/service/service.go:79.2,79.17 1 1
social-media-app/feature/post/service/service.go:59.16,61.3 1 1
social-media-app/feature/post/service/service.go:64.16,67.49 3 1
social-media-app/feature/post/service/service.go:72.3,72.30 1 1
social-media-app/feature/post/service/service.go:67.49,69.4 1 1
social-media-app/feature/post/service/service.go:69.9,71.4 1 1
social-media-app/feature/post/service/service.go:75.18,77.3 1 1
social-media-app/feature/post/service/service.go:82.125,84.16 2 0
social-media-app/feature/post/service/service.go:89.2,89.23 1 0
social-media-app/feature/post/service/service.go:121.2,121.73 1 0
social-media-app/feature/post/service/service.go:132.2,132.12 1 0
social-media-app/feature/post/service/service.go:84.16,86.3 1 0
social-media-app/feature/post/service/service.go:89.23,92.17 2 0
social-media-app/feature/post/service/service.go:98.3,100.17 3 0
social-media-app/feature/post/service/service.go:104.3,108.56 3 0
social-media-app/feature/post/service/service.go:115.3,115.58 1 0
social-media-app/feature/post/service/service.go:92.17,95.4 2 0
social-media-app/feature/post/service/service.go:100.17,103.4 2 0
social-media-app/feature/post/service/service.go:108.56,112.4 3 0
social-media-app/feature/post/service/service.go:115.58,118.4 2 0
social-media-app/feature/post/service/service.go:121.73,124.49 3 0
social-media-app/feature/post/service/service.go:129.3,129.25 1 0
social-media-app/feature/post/service/service.go:124.49,126.4 1 0
social-media-app/feature/post/service/service.go:126.9,128.4 1 0
social-media-app/feature/post/service/service.go:135.69,137.16 2 1
social-media-app/feature/post/service/service.go:141.2,142.16 2 1
social-media-app/feature/post/service/service.go:153.2,153.61 1 1
social-media-app/feature/post/service/service.go:164.2,164.57 1 1
social-media-app/feature/post/service/service.go:169.2,169.12 1 0
social-media-app/feature/post/service/service.go:137.16,139.3 1 1
social-media-app/feature/post/service/service.go:142.16,145.49 3 1
social-media-app/feature/post/service/service.go:150.3,150.25 1 1
social-media-app/feature/post/service/service.go:145.49,147.4 1 1
social-media-app/feature/post/service/service.go:147.9,149.4 1 1
social-media-app/feature/post/service/service.go:153.61,156.49 3 1
social-media-app/feature/post/service/service.go:161.3,161.25 1 1
social-media-app/feature/post/service/service.go:156.49,158.4 1 1
social-media-app/feature/post/service/service.go:158.9,160.4 1 1
social-media-app/feature/post/service/service.go:164.57,167.3 2 1
social-media-app/feature/post/service/service.go:172.70,174.16 2 1
social-media-app/feature/post/service/service.go:185.2,185.17 1 1
social-media-app/feature/post/service/service.go:174.16,177.49 3 1
social-media-app/feature/post/service/service.go:182.3,182.30 1 1
social-media-app/feature/post/service/service.go:177.49,179.4 1 1
social-media-app/feature/post/service/service.go:179.9,181.4 1 1
social-media-app/feature/post/service/service.go:188.64,190.16 2 1
social-media-app/feature/post/service/service.go:201.2,201.17 1 1
social-media-app/feature/post/service/service.go:190.16,193.49 3 1
social-media-app/feature/post/service/service.go:198.3,198.38 1 1
social-media-app/feature/post/service/service.go:193.49,195.4 1 1
social-media-app/feature/post/service/service.go:195.9,197.4 1 1
social-media-app/feature/post/service/service.go:204.54,206.16 2 1
social-media-app/feature/post/service/service.go:211.2,211.17 1 1
social-media-app/feature/post/service/service.go:206.16,209.3 2 1
